


ARM Macro Assembler    Page 1 


    1 00000000         ; IO.s
    2 00000000         ; Student names: change this to your names or look very 
                       silly
    3 00000000         ; Last modification date: change this to the last modifi
                       cation date or look very silly
    4 00000000         
    5 00000000         ; Runs on LM4F120 or TM4C123
    6 00000000         ; EE319K lab 7 device driver for the switch and LED
    7 00000000         ; You are allowed to use any switch and any LED, 
    8 00000000         ; although the Lab suggests the SW1 switch PF4 and Red L
                       ED PF1
    9 00000000         
   10 00000000         ; As part of Lab 7, students need to implement these thr
                       ee functions
   11 00000000         
   12 00000000         ;  This example accompanies the book
   13 00000000         ;  "Embedded Systems: Introduction to ARM Cortex M Micro
                       controllers"
   14 00000000         ;  ISBN: 978-1469998749, Jonathan Valvano, copyright (c)
                        2013
   15 00000000         ;
   16 00000000         ;Copyright 2013 by Jonathan W. Valvano, valvano@mail.ute
                       xas.edu
   17 00000000         ;   You may use, edit, run or distribute this file
   18 00000000         ;   as long as the above copyright notice remains
   19 00000000         ;THIS SOFTWARE IS PROVIDED "AS IS".  NO WARRANTIES, WHET
                       HER EXPRESS, IMPLIED
   20 00000000         ;OR STATUTORY, INCLUDING, BUT NOT LIMITED TO, IMPLIED WA
                       RRANTIES OF
   21 00000000         ;MERCHANTABILITY AND FITNESS FOR A PARTICULAR PURPOSE AP
                       PLY TO THIS SOFTWARE.
   22 00000000         ;VALVANO SHALL NOT, IN ANY CIRCUMSTANCES, BE LIABLE FOR 
                       SPECIAL, INCIDENTAL,
   23 00000000         ;OR CONSEQUENTIAL DAMAGES, FOR ANY REASON WHATSOEVER.
   24 00000000         ;For more information about my classes, my research, and
                        my books, see
   25 00000000         ;http://users.ece.utexas.edu/~valvano/
   26 00000000         
   27 00000000         ; negative logic SW2 connected to PF0 on the Launchpad
   28 00000000         ; red LED connected to PF1 on the Launchpad
   29 00000000         ; blue LED connected to PF2 on the Launchpad
   30 00000000         ; green LED connected to PF3 on the Launchpad
   31 00000000         ; negative logic SW1 connected to PF4 on the Launchpad
   32 00000000         
   33 00000000                 EXPORT           IO_Init
   34 00000000                 EXPORT           IO_Touch
   35 00000000                 EXPORT           IO_HeartBeat
   36 00000000         
   37 00000000 400253FC 
                       GPIO_PORTF_DATA_R
                               EQU              0x400253FC
   38 00000000 40025400 
                       GPIO_PORTF_DIR_R
                               EQU              0x40025400
   39 00000000 40025420 
                       GPIO_PORTF_AFSEL_R
                               EQU              0x40025420
   40 00000000 40025510 
                       GPIO_PORTF_PUR_R



ARM Macro Assembler    Page 2 


                               EQU              0x40025510
   41 00000000 4002551C 
                       GPIO_PORTF_DEN_R
                               EQU              0x4002551C
   42 00000000 40025520 
                       GPIO_PORTF_LOCK_R
                               EQU              0x40025520
   43 00000000 40025524 
                       GPIO_PORTF_CR_R
                               EQU              0x40025524
   44 00000000 40025528 
                       GPIO_PORTF_AMSEL_R
                               EQU              0x40025528
   45 00000000 4002552C 
                       GPIO_PORTF_PCTL_R
                               EQU              0x4002552C
   46 00000000 4C4F434B 
                       GPIO_LOCK_KEY
                               EQU              0x4C4F434B  ; Unlocks the GPIO_
                                                            CR register
   47 00000000         
   48 00000000 400FE108 
                       SYSCTL_RCGC2_R
                               EQU              0x400FE108
   49 00000000         
   50 00000000                 AREA             |.text|, CODE, READONLY, ALIGN=
2
   51 00000000                 THUMB
   52 00000000         
   53 00000000         ;------------IO_Init------------
   54 00000000         ; Initialize GPIO Port for a switch and an LED
   55 00000000         ; Input: none
   56 00000000         ; Output: none
   57 00000000         ; Invariables: This function must not permanently modify
                        registers R4 to R11
   58 00000000         IO_Init                              ;SW1 switch PF4 and
                                                             Red LED PF1
   59 00000000 4921            LDR              R1, =SYSCTL_RCGC2_R 
                                                            ; activate clock
   60 00000002 6808            LDR              R0, [R1]
   61 00000004 F040 0020       ORR              R0, R0, #0x20
   62 00000008 6008            STR              R0, [R1]
   63 0000000A BF00            NOP
   64 0000000C BF00            NOP
   65 0000000E 491F            LDR              R1, =GPIO_PORTF_LOCK_R ; unlock
                                                             the lock register
   66 00000010 481F            LDR              R0, =0x4C4F434B
   67 00000012 6008            STR              R0, [R1]
   68 00000014 491F            LDR              R1, =GPIO_PORTF_CR_R ; enable c
                                                            ommit for Port F
   69 00000016 F04F 00FF       MOV              R0, #0xFF   ; 1 means allow acc
                                                            ess
   70 0000001A 6008            STR              R0,[R1]
   71 0000001C 491E            LDR              R1, =GPIO_PORTF_AMSEL_R 
                                                            ; disable analog
   72 0000001E F04F 0000       MOV              R0, #0
   73 00000022 6008            STR              R0, [R1]
   74 00000024 491D            LDR              R1, =GPIO_PORTF_PCTL_R
   75 00000026 F04F 0000       MOV              R0, #0x00000000 ; configure Por



ARM Macro Assembler    Page 3 


                                                            t F as GPIO
   76 0000002A 6008            STR              R0, [R1]
   77 0000002C 491C            LDR              R1, =GPIO_PORTF_DIR_R
   78 0000002E F04F 0002       MOV              R0, #0x02   ; PF1 output, PF4 i
                                                            nput
   79 00000032 491C            LDR              R1, =GPIO_PORTF_AFSEL_R ; disab
                                                            le alternate functi
                                                            on
   80 00000034 F04F 0000       MOV              R0, #0
   81 00000038 6008            STR              R0, [R1]
   82 0000003A 491B            LDR              R1, =GPIO_PORTF_PUR_R ; enable 
                                                            resistors for PF1 a
                                                            nd PF4
   83 0000003C F04F 0012       MOV              R0, #0x12
   84 00000040 6008            STR              R0, [R1]
   85 00000042 491A            LDR              R1, =GPIO_PORTF_DEN_R ; enable 
                                                            digital port
   86 00000044 F04F 00FF       MOV              R0, #0xFF
   87 00000048 6008            STR              R0, [R1]
   88 0000004A 4770            BX               LR
   89 0000004C         ;* * * * * * * * End of IO_Init * * * * * * * * 
   90 0000004C         
   91 0000004C         ;------------IO_HeartBeat------------
   92 0000004C         ; Toggle the output state of the  LED on PF1
   93 0000004C         ; Input: none
   94 0000004C         ; Output: none
   95 0000004C         ; Invariables: This function must not permanently modify
                        registers R4 to R11
   96 0000004C         IO_HeartBeat
   97 0000004C 4918            LDR              R1, =GPIO_PORTF_DATA_R
   98 0000004E 680B            LDR              R3, [R1]
   99 00000050 F003 0202       AND              R2, R3, #0x02 ; check status of
                                                             LED
  100 00000054 2A02            CMP              R2, #0x02
  101 00000056 D103            BNE              TurnOn
  102 00000058 F003 03FD       AND              R3, #0xFD   ; turn off LED
  103 0000005C 600B            STR              R3, [R1]
  104 0000005E E002            B                Done
  105 00000060 F043 0302 
                       TurnOn  ORR              R3, #0x02
  106 00000064 600B            STR              R3, [R1]
  107 00000066 4770    Done    BX               LR
  108 00000068         
  109 00000068         ;* * * * * * * * End of IO_HeartBeat * * * * * * * * 
  110 00000068         
  111 00000068         ;------------IO_Touch------------
  112 00000068         ; wait for release and touch of the switch
  113 00000068         ; Input: none
  114 00000068         ; Output: none
  115 00000068         ; This is a public function
  116 00000068         ; Invariables: This function must not permanently modify
                        registers R4 to R11
  117 00000068         
  118 00000068         ; negative logic SW1 connected to PF4 on the Launchpad 
  119 00000068         IO_Touch
  120 00000068 4911            LDR              R1, =GPIO_PORTF_DATA_R
  121 0000006A 6809            LDR              R1, [R1]
  122 0000006C F001 0210       AND              R2, R1, #0x10
  123 00000070 2A00            CMP              R2, #0x00



ARM Macro Assembler    Page 4 


  124 00000072 D1FE            BNE              IO_Touch
  125 00000074         Release
  126 00000074 490E            LDR              R1, =GPIO_PORTF_DATA_R
  127 00000076 6809            LDR              R1, [R1]
  128 00000078 F101 0200       ADD              R2, R1, #0
  129 0000007C F002 0210       AND              R2, #0x10   ; require release o
                                                            f SW1 (PF4=1) to sl
                                                            ow input 
  130 00000080 2A00            CMP              R2, #0x00
  131 00000082 D0F7            BEQ              Release
  132 00000084 4770            BX               LR
  133 00000086         ;* * * * * * * * End of IO_Touch * * * * * * * * 
  134 00000086         
  135 00000086 00 00           ALIGN                        ; make sure the end
                                                             of this section is
                                                             aligned
  136 00000088                 END                          ; end of file
              400FE108 
              40025520 
              4C4F434B 
              40025524 
              40025528 
              4002552C 
              40025400 
              40025420 
              40025510 
              4002551C 
              400253FC 
Command Line: --debug --xref --cpu=Cortex-M4 --apcs=interwork --depend=.\io.d -
o.\io.o -IC:\Keil\ARM\RV31\INC -IC:\Keil\ARM\CMSIS\Include -IC:\Keil\ARM\Inc\Lu
minary --predefine="__EVAL SETA 1" --list=.\io.lst IO.s



ARM Macro Assembler    Page 1 Alphabetic symbol ordering
Relocatable symbols

.text 00000000

Symbol: .text
   Definitions
      At line 50 in file IO.s
   Uses
      None
Comment: .text unused
Done 00000066

Symbol: Done
   Definitions
      At line 107 in file IO.s
   Uses
      At line 104 in file IO.s
Comment: Done used once
IO_HeartBeat 0000004C

Symbol: IO_HeartBeat
   Definitions
      At line 96 in file IO.s
   Uses
      At line 35 in file IO.s
Comment: IO_HeartBeat used once
IO_Init 00000000

Symbol: IO_Init
   Definitions
      At line 58 in file IO.s
   Uses
      At line 33 in file IO.s
Comment: IO_Init used once
IO_Touch 00000068

Symbol: IO_Touch
   Definitions
      At line 119 in file IO.s
   Uses
      At line 34 in file IO.s
      At line 124 in file IO.s

Release 00000074

Symbol: Release
   Definitions
      At line 125 in file IO.s
   Uses
      At line 131 in file IO.s
Comment: Release used once
TurnOn 00000060

Symbol: TurnOn
   Definitions
      At line 105 in file IO.s
   Uses
      At line 101 in file IO.s
Comment: TurnOn used once
7 symbols



ARM Macro Assembler    Page 1 Alphabetic symbol ordering
Absolute symbols

GPIO_LOCK_KEY 4C4F434B

Symbol: GPIO_LOCK_KEY
   Definitions
      At line 46 in file IO.s
   Uses
      None
Comment: GPIO_LOCK_KEY unused
GPIO_PORTF_AFSEL_R 40025420

Symbol: GPIO_PORTF_AFSEL_R
   Definitions
      At line 39 in file IO.s
   Uses
      At line 79 in file IO.s
Comment: GPIO_PORTF_AFSEL_R used once
GPIO_PORTF_AMSEL_R 40025528

Symbol: GPIO_PORTF_AMSEL_R
   Definitions
      At line 44 in file IO.s
   Uses
      At line 71 in file IO.s
Comment: GPIO_PORTF_AMSEL_R used once
GPIO_PORTF_CR_R 40025524

Symbol: GPIO_PORTF_CR_R
   Definitions
      At line 43 in file IO.s
   Uses
      At line 68 in file IO.s
Comment: GPIO_PORTF_CR_R used once
GPIO_PORTF_DATA_R 400253FC

Symbol: GPIO_PORTF_DATA_R
   Definitions
      At line 37 in file IO.s
   Uses
      At line 97 in file IO.s
      At line 120 in file IO.s
      At line 126 in file IO.s

GPIO_PORTF_DEN_R 4002551C

Symbol: GPIO_PORTF_DEN_R
   Definitions
      At line 41 in file IO.s
   Uses
      At line 85 in file IO.s
Comment: GPIO_PORTF_DEN_R used once
GPIO_PORTF_DIR_R 40025400

Symbol: GPIO_PORTF_DIR_R
   Definitions
      At line 38 in file IO.s
   Uses
      At line 77 in file IO.s
Comment: GPIO_PORTF_DIR_R used once
GPIO_PORTF_LOCK_R 40025520



ARM Macro Assembler    Page 2 Alphabetic symbol ordering
Absolute symbols


Symbol: GPIO_PORTF_LOCK_R
   Definitions
      At line 42 in file IO.s
   Uses
      At line 65 in file IO.s
Comment: GPIO_PORTF_LOCK_R used once
GPIO_PORTF_PCTL_R 4002552C

Symbol: GPIO_PORTF_PCTL_R
   Definitions
      At line 45 in file IO.s
   Uses
      At line 74 in file IO.s
Comment: GPIO_PORTF_PCTL_R used once
GPIO_PORTF_PUR_R 40025510

Symbol: GPIO_PORTF_PUR_R
   Definitions
      At line 40 in file IO.s
   Uses
      At line 82 in file IO.s
Comment: GPIO_PORTF_PUR_R used once
SYSCTL_RCGC2_R 400FE108

Symbol: SYSCTL_RCGC2_R
   Definitions
      At line 48 in file IO.s
   Uses
      At line 59 in file IO.s
Comment: SYSCTL_RCGC2_R used once
11 symbols
351 symbols in table
